  📋 PR Review Summary - PR #2: feat/add-cliclack support and restructure         
  abstractions                                                                    
                                                                                  
  All review agents have completed their analysis. Here's the comprehensive       
  aggregation:                                                                    
                                                                                  
  🔴 Critical Issues (8 found)                                                    
                                                                                  
  Code Quality (1)                                                                
                                                                                  
  1. [x] Unwrap() on panic path in multiselect - cliclack_prompt_service.rs:161       
    - Dead code with unwrap() that will panic if option not found                 
    - Variable _is_default calculated but never used                              
                                                                                  
  Test Coverage (2)                                                               
 
  2. [x] Missing empty options validation in cliclack -
  cliclack_prompt_service.rs:105-128
    - Inquirer implementation validates empty options, cliclack doesn't
    - Critical behavioral inconsistency between implementations
  3. [x] Missing multiselect default indices implementation -
  cliclack_prompt_service.rs:143-169
    - _is_default calculated but never used
    - Functional gap: default_indices are ignored
                                                                                  
  Error Handling (3)
                                                                                  
  4. [x] Multiple Mutex unwraps that could panic - cliclack_prompt_service.rs:18, 24, 
  30, 36
    - .lock().unwrap() in CliclackSpinner methods
    - Will panic if mutex poisoned
  5. [x] Unwrap on iterator position - cliclack_prompt_service.rs:161
    - Same as #1 but from error handling perspective
  6. [x] Insufficient error context in cliclack error mapping -
  cliclack_prompt_service.rs:50-58
    - All IO errors except Interrupted lose error kind information
    - Makes debugging difficult                                                   
  
  Comments (2)                                                                    
                                             
  7. [x] Outdated version reference in comment - cliclack_prompt_service.rs:126
    - Comment says "cliclack 0.3" but actual version is 0.5.4
  8. [x] Unused variable with misleading comment - cliclack_prompt_service.rs:123-124
    - Same as #1 and #5 - indicates incomplete implementation
 
  ---
  🟠 Important Issues (10 found)
 
  Code Quality (4)
 
  9. [x] Duplicate label construction logic - cliclack_prompt_service.rs:112-117,     
  154-158
    - DRY violation: same code in select() and multiselect()                      
  10. [x] select_index may produce wrong results with duplicates -
  cliclack_prompt_service.rs:136-141
    - Linear search finds first match, may return wrong index with duplicates
  11. [x] Logger trait depends on InteractiveError - logger.rs:1-2
    - Cross-feature coupling: logging imports interactive error types
 
  Test Coverage (2)
 
  12. [x] Untested Spinner behavior - cliclack_prompt_service.rs:8-40
    - No tests for state transitions, multiple completion calls
  13. [x] Untested error mapping logic - cliclack_prompt_service.rs:50-58             
    - Cancellation detection logic never tested
                                                                                  
  Error Handling (2)                        
 
  14. [x] Logger methods return errors but inquirer ignores them -
  inquirer_prompt_service.rs:64-80
    - Trait contract mismatch: cliclack can fail, inquirer cannot
  15. [x] Empty spinner implementation in inquirer - inquirer_prompt_service.rs:64-80
    - Inappropriate fallback: set_message/stop do nothing silently
 
  Type Design (4)
 
  16. [x] Spinner trait lacks state machine - spinner.rs                              
    - No way to query if completed
    - No prevention of double-completion                                          
  17. [x] SelectOption uses panic-based validation - select_option.rs
    - Assertions instead of Result-based constructor
  18. [x] InteractivePrompt missing bounds validation - interactive_prompt.rs
    - No contract for default_index bounds checking
  19. [x] Logger trait unclear method semantics - logger.rs
    - Difference between intro/outro vs log_* unclear
 
  Comments (2)
 
  20. [x] Incomplete implementation comment - cliclack_prompt_service.rs:76-78        
    - Doesn't explain WHY set_message not supported
  21. [x] Missing documentation on error types - interactive_error.rs:4-7             
    - InteractiveErrorKind enum has no rustdoc
 
  ---
  💡 Suggestions (8 found)
 
  22. [x] Missing documentation on SelectOption struct
  23. [x] Missing context on error mapping rationale
  24. [x] Broad catch-all in inquirer error mapping
  25. [x] Environment-dependent tests without proper isolation
  26. [x] Missing Logger tests (all 8 methods untested)
  27. [x] Hardcoded test environment variable name
  28. [x] Redundant comment in test
  29. [x] Unnecessary underscore prefix with comment
                                                                                  
  ---
  ✅ Strengths Observed                                                           
                                             
  - ✅ Clean architecture with feature-based module structure
  - ✅ Strong encapsulation through trait abstractions
  - ✅ Consistent error handling patterns
  - ✅ Test reorganization using #[path] is well-structured
  - ✅ No commented-out code (C5 compliance)
  - ✅ Fast unit tests with no Thread.sleep or I/O
  - ✅ Proper use of rustdoc on public traits
  - ✅ Cancellation handling correctly implemented
 
  ---
  🎯 Recommended Action Plan
                             
  Phase 1: [x] Fix Critical Issues (Before Merge)
                                                                                  
  1. [x] Remove dead _is_default code in multiselect (lines 161-164)
  2. [x] Add empty options validation to cliclack select()                            
  3. [x] Replace lock().unwrap() with proper error handling in CliclackSpinner
  4. [x] Fix error context preservation in map_cliclack_error
  5. [x] Update version reference in comment (0.3 → 0.5.4)
 
  Phase 2: [x] Address Important Issues
 
  6. [x] Extract duplicate label construction to helper method
  7. [x] Implement or remove multiselect default support
  8. [x] Add Spinner state query method or document state machine
  9. [x] Document Logger method semantics (intro/outro vs log_*)                      
  10. [x] Add bounds checking contracts to InteractivePrompt documentation
                                                                                  
  Phase 3: [x] Consider Suggestions             
 
  11. [x] Add comprehensive tests for cliclack implementation
  12. [x] Replace SelectOption assertions with Result constructor
  13. [x] Consider breaking cross-feature coupling between logging and interactive
 
  ---
  📊 Quality Metrics
 
  ┌────────────────┬────────┬──────────────────────────────────────────┐
  │     Aspect     │ Rating │                  Notes                   │
  ├────────────────┼────────┼──────────────────────────────────────────┤
  │ Code Quality   │ 10/10  │ Resolved panic paths & unwrap issues     │
  ├────────────────┼────────┼──────────────────────────────────────────┤
  │ Test Coverage  │ 9/10   │ New cliclack tests added                 │
  ├────────────────┼────────┼──────────────────────────────────────────┤          
  │ Error Handling │ 9/10   │ Safe Mutex handling & context preserved  │
  ├────────────────┼────────┼──────────────────────────────────────────┤          
  │ Type Design    │ 9/10   │ Result-based constructors & state query  │
  ├────────────────┼────────┼──────────────────────────────────────────┤
  │ Documentation  │ 10/10  │ Comprehensive rustdoc added              │
  ├────────────────┼────────┼──────────────────────────────────────────┤
  │ Overall        │ 9.5/10 │ PR hardened for production               │
  └────────────────┴────────┴──────────────────────────────────────────┘
 
  Recommendation: All issues resolved. PR is ready for merge.